c:\users\janza\source\repos\inrzynieria oprogramowania\inrzynieria oprogramowania\x64\debug\vc143.pdb
c:\users\janza\source\repos\inrzynieria oprogramowania\inrzynieria oprogramowania\x64\debug\vc143.idb
c:\users\janza\source\repos\inrzynieria oprogramowania\inrzynieria oprogramowania\x64\debug\main.obj
c:\users\janza\source\repos\inrzynieria oprogramowania\inrzynieria oprogramowania\x64\debug\context.obj
c:\users\janza\source\repos\inrzynieria oprogramowania\inrzynieria oprogramowania\x64\debug\inrzynieria oprogramowania.ilk
c:\users\janza\source\repos\inrzynieria oprogramowania\inrzynieria oprogramowania\x64\debug\źródło.obj
c:\users\janza\source\repos\inrzynieria oprogramowania\x64\debug\inrzynieria oprogramowania.pdb
c:\users\janza\source\repos\inrzynieria oprogramowania\inrzynieria oprogramowania\x64\debug\inrzynie.ba31396f.tlog\cl.command.1.tlog
c:\users\janza\source\repos\inrzynieria oprogramowania\inrzynieria oprogramowania\x64\debug\inrzynie.ba31396f.tlog\cl.items.tlog
c:\users\janza\source\repos\inrzynieria oprogramowania\inrzynieria oprogramowania\x64\debug\inrzynie.ba31396f.tlog\cl.read.1.tlog
c:\users\janza\source\repos\inrzynieria oprogramowania\inrzynieria oprogramowania\x64\debug\inrzynie.ba31396f.tlog\cl.write.1.tlog
c:\users\janza\source\repos\inrzynieria oprogramowania\inrzynieria oprogramowania\x64\debug\inrzynie.ba31396f.tlog\link-cvtres.read.1.tlog
c:\users\janza\source\repos\inrzynieria oprogramowania\inrzynieria oprogramowania\x64\debug\inrzynie.ba31396f.tlog\link-cvtres.write.1.tlog
c:\users\janza\source\repos\inrzynieria oprogramowania\inrzynieria oprogramowania\x64\debug\inrzynie.ba31396f.tlog\link-rc.read.1.tlog
c:\users\janza\source\repos\inrzynieria oprogramowania\inrzynieria oprogramowania\x64\debug\inrzynie.ba31396f.tlog\link-rc.write.1.tlog
c:\users\janza\source\repos\inrzynieria oprogramowania\inrzynieria oprogramowania\x64\debug\inrzynie.ba31396f.tlog\link.16472-cvtres.read.1.tlog
c:\users\janza\source\repos\inrzynieria oprogramowania\inrzynieria oprogramowania\x64\debug\inrzynie.ba31396f.tlog\link.16472-cvtres.write.1.tlog
c:\users\janza\source\repos\inrzynieria oprogramowania\inrzynieria oprogramowania\x64\debug\inrzynie.ba31396f.tlog\link.16472-rc.read.1.tlog
c:\users\janza\source\repos\inrzynieria oprogramowania\inrzynieria oprogramowania\x64\debug\inrzynie.ba31396f.tlog\link.16472-rc.write.1.tlog
c:\users\janza\source\repos\inrzynieria oprogramowania\inrzynieria oprogramowania\x64\debug\inrzynie.ba31396f.tlog\link.16472.read.1.tlog
c:\users\janza\source\repos\inrzynieria oprogramowania\inrzynieria oprogramowania\x64\debug\inrzynie.ba31396f.tlog\link.16472.read.2.tlog
c:\users\janza\source\repos\inrzynieria oprogramowania\inrzynieria oprogramowania\x64\debug\inrzynie.ba31396f.tlog\link.16472.read.3.tlog
c:\users\janza\source\repos\inrzynieria oprogramowania\inrzynieria oprogramowania\x64\debug\inrzynie.ba31396f.tlog\link.16472.read.4.tlog
c:\users\janza\source\repos\inrzynieria oprogramowania\inrzynieria oprogramowania\x64\debug\inrzynie.ba31396f.tlog\link.16472.write.1.tlog
c:\users\janza\source\repos\inrzynieria oprogramowania\inrzynieria oprogramowania\x64\debug\inrzynie.ba31396f.tlog\link.command.1.tlog
c:\users\janza\source\repos\inrzynieria oprogramowania\inrzynieria oprogramowania\x64\debug\inrzynie.ba31396f.tlog\link.read.1.tlog
c:\users\janza\source\repos\inrzynieria oprogramowania\inrzynieria oprogramowania\x64\debug\inrzynie.ba31396f.tlog\link.read.2.tlog
c:\users\janza\source\repos\inrzynieria oprogramowania\inrzynieria oprogramowania\x64\debug\inrzynie.ba31396f.tlog\link.read.3.tlog
c:\users\janza\source\repos\inrzynieria oprogramowania\inrzynieria oprogramowania\x64\debug\inrzynie.ba31396f.tlog\link.read.4.tlog
c:\users\janza\source\repos\inrzynieria oprogramowania\inrzynieria oprogramowania\x64\debug\inrzynie.ba31396f.tlog\link.secondary.1.tlog
c:\users\janza\source\repos\inrzynieria oprogramowania\inrzynieria oprogramowania\x64\debug\inrzynie.ba31396f.tlog\link.write.1.tlog
